{"/Users/jd/dev/platform/byb-npm-modules/ui-lib/src/my-constants.ts": {"path":"/Users/jd/dev/platform/byb-npm-modules/ui-lib/src/my-constants.ts","statementMap":{"0":{"start":{"line":1,"column":22},"end":{"line":3,"column":1}},"1":{"start":{"line":5,"column":29},"end":{"line":5,"column":46}},"2":{"start":{"line":7,"column":32},"end":{"line":7,"column":50}}},"fnMap":{},"branchMap":{},"s":{"0":1,"1":1,"2":1},"f":{},"b":{},"_coverageSchema":"1a1c01bbd47fc00a2c39e90264f33305004495a9","hash":"2551be7dab24e68db7e604ca905ae7f87595ce9b"}
,"/Users/jd/dev/platform/byb-npm-modules/ui-lib/src/test-props.tsx": {"path":"/Users/jd/dev/platform/byb-npm-modules/ui-lib/src/test-props.tsx","statementMap":{"0":{"start":{"line":6,"column":2},"end":{"line":8,"column":15}},"1":{"start":{"line":11,"column":35},"end":{"line":16,"column":1}}},"fnMap":{},"branchMap":{},"s":{"0":1,"1":1},"f":{},"b":{},"_coverageSchema":"1a1c01bbd47fc00a2c39e90264f33305004495a9","hash":"17173c8c94d148852270796a9ea66f2b46614769"}
,"/Users/jd/dev/platform/byb-npm-modules/ui-lib/src/utils.ts": {"path":"/Users/jd/dev/platform/byb-npm-modules/ui-lib/src/utils.ts","statementMap":{"0":{"start":{"line":5,"column":25},"end":{"line":5,"column":103}},"1":{"start":{"line":5,"column":50},"end":{"line":5,"column":103}},"2":{"start":{"line":7,"column":25},"end":{"line":7,"column":75}},"3":{"start":{"line":7,"column":31},"end":{"line":7,"column":75}},"4":{"start":{"line":9,"column":23},"end":{"line":10,"column":115}},"5":{"start":{"line":10,"column":2},"end":{"line":10,"column":115}},"6":{"start":{"line":12,"column":27},"end":{"line":22,"column":1}},"7":{"start":{"line":13,"column":2},"end":{"line":21,"column":4}},"8":{"start":{"line":24,"column":25},"end":{"line":24,"column":55}},"9":{"start":{"line":24,"column":42},"end":{"line":24,"column":55}}},"fnMap":{"0":{"name":"(anonymous_0)","decl":{"start":{"line":5,"column":25},"end":{"line":5,"column":26}},"loc":{"start":{"line":5,"column":50},"end":{"line":5,"column":103}},"line":5},"1":{"name":"(anonymous_1)","decl":{"start":{"line":7,"column":25},"end":{"line":7,"column":26}},"loc":{"start":{"line":7,"column":31},"end":{"line":7,"column":75}},"line":7},"2":{"name":"(anonymous_2)","decl":{"start":{"line":9,"column":23},"end":{"line":9,"column":24}},"loc":{"start":{"line":10,"column":2},"end":{"line":10,"column":115}},"line":10},"3":{"name":"(anonymous_3)","decl":{"start":{"line":12,"column":27},"end":{"line":12,"column":28}},"loc":{"start":{"line":12,"column":33},"end":{"line":22,"column":1}},"line":12},"4":{"name":"(anonymous_4)","decl":{"start":{"line":24,"column":25},"end":{"line":24,"column":26}},"loc":{"start":{"line":24,"column":42},"end":{"line":24,"column":55}},"line":24}},"branchMap":{},"s":{"0":1,"1":2,"2":1,"3":3,"4":1,"5":1,"6":1,"7":1,"8":1,"9":0},"f":{"0":2,"1":3,"2":1,"3":1,"4":0},"b":{},"_coverageSchema":"1a1c01bbd47fc00a2c39e90264f33305004495a9","hash":"f9388ce0c1c0b8d22a667427c09a6d987f02d230"}
,"/Users/jd/dev/platform/byb-npm-modules/ui-lib/src/components/ResponsiveTable/Table.tsx": {"path":"/Users/jd/dev/platform/byb-npm-modules/ui-lib/src/components/ResponsiveTable/Table.tsx","statementMap":{"0":{"start":{"line":8,"column":23},"end":{"line":50,"column":1}},"1":{"start":{"line":9,"column":24},"end":{"line":22,"column":3}},"2":{"start":{"line":10,"column":20},"end":{"line":10,"column":40}},"3":{"start":{"line":11,"column":4},"end":{"line":21,"column":6}},"4":{"start":{"line":15,"column":12},"end":{"line":17,"column":24}},"5":{"start":{"line":24,"column":24},"end":{"line":28,"column":3}},"6":{"start":{"line":25,"column":17},"end":{"line":25,"column":39}},"7":{"start":{"line":27,"column":4},"end":{"line":27,"column":55}},"8":{"start":{"line":30,"column":23},"end":{"line":40,"column":3}},"9":{"start":{"line":31,"column":4},"end":{"line":39,"column":6}},"10":{"start":{"line":34,"column":10},"end":{"line":36,"column":22}},"11":{"start":{"line":42,"column":2},"end":{"line":49,"column":4}}},"fnMap":{"0":{"name":"(anonymous_0)","decl":{"start":{"line":8,"column":23},"end":{"line":8,"column":24}},"loc":{"start":{"line":8,"column":64},"end":{"line":50,"column":1}},"line":8},"1":{"name":"(anonymous_1)","decl":{"start":{"line":9,"column":24},"end":{"line":9,"column":25}},"loc":{"start":{"line":9,"column":43},"end":{"line":22,"column":3}},"line":9},"2":{"name":"(anonymous_2)","decl":{"start":{"line":14,"column":23},"end":{"line":14,"column":24}},"loc":{"start":{"line":15,"column":12},"end":{"line":17,"column":24}},"line":15},"3":{"name":"(anonymous_3)","decl":{"start":{"line":24,"column":24},"end":{"line":24,"column":25}},"loc":{"start":{"line":24,"column":43},"end":{"line":28,"column":3}},"line":24},"4":{"name":"(anonymous_4)","decl":{"start":{"line":30,"column":23},"end":{"line":30,"column":24}},"loc":{"start":{"line":30,"column":85},"end":{"line":40,"column":3}},"line":30},"5":{"name":"(anonymous_5)","decl":{"start":{"line":33,"column":22},"end":{"line":33,"column":23}},"loc":{"start":{"line":34,"column":10},"end":{"line":36,"column":22}},"line":34}},"branchMap":{},"s":{"0":1,"1":1,"2":1,"3":1,"4":8,"5":1,"6":1,"7":1,"8":1,"9":1,"10":8,"11":1},"f":{"0":1,"1":1,"2":8,"3":1,"4":1,"5":8},"b":{},"_coverageSchema":"1a1c01bbd47fc00a2c39e90264f33305004495a9","hash":"03c4d1bf0e79349d52b4c96a57b8f15b845f1be6"}
,"/Users/jd/dev/platform/byb-npm-modules/ui-lib/src/components/ResponsiveTable/TwoColumnTable.tsx": {"path":"/Users/jd/dev/platform/byb-npm-modules/ui-lib/src/components/ResponsiveTable/TwoColumnTable.tsx","statementMap":{"0":{"start":{"line":6,"column":30},"end":{"line":28,"column":1}},"1":{"start":{"line":7,"column":23},"end":{"line":16,"column":3}},"2":{"start":{"line":8,"column":4},"end":{"line":15,"column":7}},"3":{"start":{"line":9,"column":6},"end":{"line":14,"column":8}},"4":{"start":{"line":18,"column":21},"end":{"line":25,"column":3}},"5":{"start":{"line":19,"column":4},"end":{"line":24,"column":7}},"6":{"start":{"line":20,"column":6},"end":{"line":23,"column":12}},"7":{"start":{"line":27,"column":2},"end":{"line":27,"column":39}}},"fnMap":{"0":{"name":"(anonymous_0)","decl":{"start":{"line":6,"column":30},"end":{"line":6,"column":31}},"loc":{"start":{"line":6,"column":71},"end":{"line":28,"column":1}},"line":6},"1":{"name":"(anonymous_1)","decl":{"start":{"line":7,"column":23},"end":{"line":7,"column":24}},"loc":{"start":{"line":7,"column":58},"end":{"line":16,"column":3}},"line":7},"2":{"name":"(anonymous_2)","decl":{"start":{"line":8,"column":33},"end":{"line":8,"column":34}},"loc":{"start":{"line":8,"column":48},"end":{"line":15,"column":5}},"line":8},"3":{"name":"(anonymous_3)","decl":{"start":{"line":18,"column":21},"end":{"line":18,"column":22}},"loc":{"start":{"line":18,"column":42},"end":{"line":25,"column":3}},"line":18},"4":{"name":"(anonymous_4)","decl":{"start":{"line":19,"column":20},"end":{"line":19,"column":21}},"loc":{"start":{"line":20,"column":6},"end":{"line":23,"column":12}},"line":20}},"branchMap":{"0":{"loc":{"start":{"line":10,"column":36},"end":{"line":10,"column":76}},"type":"binary-expr","locations":[{"start":{"line":10,"column":36},"end":{"line":10,"column":48}},{"start":{"line":10,"column":52},"end":{"line":10,"column":76}}],"line":10}},"s":{"0":1,"1":0,"2":0,"3":0,"4":0,"5":0,"6":0,"7":0},"f":{"0":0,"1":0,"2":0,"3":0,"4":0},"b":{"0":[0,0]},"_coverageSchema":"1a1c01bbd47fc00a2c39e90264f33305004495a9","hash":"88122c42b35a0847332c268fed8cfd80bc42bcda"}
,"/Users/jd/dev/platform/byb-npm-modules/ui-lib/src/components/ResponsiveTable/index.tsx": {"path":"/Users/jd/dev/platform/byb-npm-modules/ui-lib/src/components/ResponsiveTable/index.tsx","statementMap":{"0":{"start":{"line":6,"column":31},"end":{"line":15,"column":1}},"1":{"start":{"line":7,"column":23},"end":{"line":7,"column":34}},"2":{"start":{"line":9,"column":19},"end":{"line":12,"column":3}},"3":{"start":{"line":10,"column":4},"end":{"line":10,"column":56}},"4":{"start":{"line":10,"column":18},"end":{"line":10,"column":56}},"5":{"start":{"line":11,"column":4},"end":{"line":11,"column":35}},"6":{"start":{"line":14,"column":2},"end":{"line":14,"column":27}}},"fnMap":{"0":{"name":"(anonymous_0)","decl":{"start":{"line":6,"column":31},"end":{"line":6,"column":32}},"loc":{"start":{"line":6,"column":72},"end":{"line":15,"column":1}},"line":6},"1":{"name":"(anonymous_1)","decl":{"start":{"line":9,"column":19},"end":{"line":9,"column":20}},"loc":{"start":{"line":9,"column":25},"end":{"line":12,"column":3}},"line":9}},"branchMap":{"0":{"loc":{"start":{"line":10,"column":4},"end":{"line":10,"column":56}},"type":"if","locations":[{"start":{"line":10,"column":4},"end":{"line":10,"column":56}},{"start":{},"end":{}}],"line":10}},"s":{"0":1,"1":1,"2":1,"3":1,"4":0,"5":1,"6":1},"f":{"0":1,"1":1},"b":{"0":[0,1]},"_coverageSchema":"1a1c01bbd47fc00a2c39e90264f33305004495a9","hash":"8ad73c2c0feaeb0269e111d0769ac55fe3094977"}
,"/Users/jd/dev/platform/byb-npm-modules/ui-lib/src/hooks/useScreen.ts": {"path":"/Users/jd/dev/platform/byb-npm-modules/ui-lib/src/hooks/useScreen.ts","statementMap":{"0":{"start":{"line":3,"column":25},"end":{"line":8,"column":1}},"1":{"start":{"line":4,"column":16},"end":{"line":4,"column":26}},"2":{"start":{"line":5,"column":19},"end":{"line":5,"column":62}},"3":{"start":{"line":7,"column":2},"end":{"line":7,"column":22}}},"fnMap":{"0":{"name":"(anonymous_0)","decl":{"start":{"line":3,"column":25},"end":{"line":3,"column":26}},"loc":{"start":{"line":3,"column":31},"end":{"line":8,"column":1}},"line":3}},"branchMap":{},"s":{"0":1,"1":1,"2":1,"3":1},"f":{"0":1},"b":{},"_coverageSchema":"1a1c01bbd47fc00a2c39e90264f33305004495a9","hash":"0e4b28c92724bbf36fb536ab022bafa83b969941"}
}
